<?xml version="1.0" encoding="UTF-8"?>
<!-- Generated by org.testng.reporters.JUnitReportReporter -->
<testsuite hostname="DESKTOP-RDP6H5E" name="testScript.LoginTest" tests="1" failures="0" timestamp="13 Oct 2021 22:30:06 GMT" time="3.588" errors="0">
  <testcase name="loginTest" time="3.588" classname="testScript.LoginTest"/>
</testsuite> <!-- testScript.LoginTest -->
