<?xml version="1.0" encoding="UTF-8"?>
<!-- Generated by org.testng.reporters.JUnitReportReporter -->
<testsuite hostname="DESKTOP-RDP6H5E" name="testScript.TestNGTestScript" tests="2" failures="0" timestamp="17 Oct 2021 18:35:51 GMT" time="8.564" errors="0">
  <testcase name="negativeloginTest" time="3.596" classname="testScript.TestNGTestScript"/>
  <testcase name="positiveloginTest" time="4.968" classname="testScript.TestNGTestScript"/>
</testsuite> <!-- testScript.TestNGTestScript -->
