<?xml version="1.0" encoding="UTF-8"?>
<!-- Generated by org.testng.reporters.JUnitReportReporter -->
<testsuite hostname="DESKTOP-RDP6H5E" name="testScript.TestNGTestScript" tests="2" failures="0" timestamp="13 Oct 2021 22:35:12 GMT" time="8.042" errors="0">
  <testcase name="negativeloginTest" time="3.437" classname="testScript.TestNGTestScript"/>
  <testcase name="positiveloginTest" time="4.605" classname="testScript.TestNGTestScript"/>
</testsuite> <!-- testScript.TestNGTestScript -->
