<?xml version="1.0" encoding="UTF-8"?>
<!-- Generated by org.testng.reporters.JUnitReportReporter -->
<testsuite hostname="DESKTOP-RDP6H5E" name="dtRunScript.DataRunTest" tests="2" failures="0" timestamp="29 Sep 2021 17:33:08 GMT" time="1.596" errors="0">
  <testcase name="validatingpositivedata" time="0.889" classname="dtRunScript.DataRunTest"/>
  <testcase name="validatingpositivedata" time="0.707" classname="dtRunScript.DataRunTest"/>
</testsuite> <!-- dtRunScript.DataRunTest -->
